<?xml version="1.0" encoding="UTF-8"?>
<!-- Generated by org.testng.reporters.JUnitReportReporter -->
<testsuite hostname="IG-M-851" failures="0" tests="2" name="com.psd.testng.Skip_Testcases" time="0.023" errors="0" timestamp="2025-10-21T11:28:33 IST" skipped="0">
  <testcase classname="com.psd.testng.Skip_Testcases" name="login" time="0.011"/>
  <testcase classname="com.psd.testng.Skip_Testcases" name="logout" time="0.012"/>
</testsuite> <!-- com.psd.testng.Skip_Testcases -->
