<?xml version="1.0" encoding="UTF-8"?>
<!-- Generated by org.testng.reporters.JUnitReportReporter -->
<testsuite hostname="IG-M-851" failures="0" tests="1" name="com.psd.testng.TestNG_Annotations2" time="0.017" errors="0" timestamp="2025-10-07T22:31:29 IST" skipped="0">
  <testcase classname="com.psd.testng.TestNG_Annotations2" name="testcase1" time="0.017"/>
</testsuite> <!-- com.psd.testng.TestNG_Annotations2 -->
