<?xml version="1.0" encoding="UTF-8"?>
<!-- Generated by org.testng.reporters.JUnitReportReporter -->
<testsuite hostname="IG-M-851" failures="0" tests="10" name="com.psd.testng.TestNG_InvoCount" time="0.022" errors="0" timestamp="2025-10-07T21:43:35 IST" skipped="0">
  <testcase classname="com.psd.testng.TestNG_InvoCount" name="testcase1" time="0.002"/>
  <testcase classname="com.psd.testng.TestNG_InvoCount" name="testcase1" time="0.000"/>
  <testcase classname="com.psd.testng.TestNG_InvoCount" name="testcase1" time="0.002"/>
  <testcase classname="com.psd.testng.TestNG_InvoCount" name="testcase1" time="0.001"/>
  <testcase classname="com.psd.testng.TestNG_InvoCount" name="testcase1" time="0.001"/>
  <testcase classname="com.psd.testng.TestNG_InvoCount" name="testcase1" time="0.001"/>
  <testcase classname="com.psd.testng.TestNG_InvoCount" name="testcase1" time="0.001"/>
  <testcase classname="com.psd.testng.TestNG_InvoCount" name="testcase1" time="0.001"/>
  <testcase classname="com.psd.testng.TestNG_InvoCount" name="testcase1" time="0.013"/>
  <testcase classname="com.psd.testng.TestNG_InvoCount" name="testcase1" time="0.000"/>
</testsuite> <!-- com.psd.testng.TestNG_InvoCount -->
