<?xml version="1.0" encoding="UTF-8"?>
<!-- Generated by org.testng.reporters.JUnitReportReporter -->
<testsuite hostname="IG-M-851" failures="0" tests="2" name="com.psd.testng.TestNG_2Test_2AS_1BS" time="0.007" errors="0" timestamp="2025-10-08T21:45:48 IST" skipped="0">
  <testcase classname="com.psd.testng.TestNG_2Test_2AS_1BS" name="testcase2" time="0.001"/>
  <testcase classname="com.psd.testng.TestNG_2Test_2AS_1BS" name="testcase1" time="0.006"/>
</testsuite> <!-- com.psd.testng.TestNG_2Test_2AS_1BS -->
