<?xml version="1.0" encoding="UTF-8"?>
<!-- Generated by org.testng.reporters.JUnitReportReporter -->
<testsuite hostname="IG-M-851" failures="0" tests="10" name="com.psd.testng.InvoCount_TestNG" time="0.020" errors="0" timestamp="2025-10-07T21:03:08 IST" skipped="0">
  <testcase classname="com.psd.testng.InvoCount_TestNG" name="testcase1" time="0.001"/>
  <testcase classname="com.psd.testng.InvoCount_TestNG" name="testcase1" time="0.001"/>
  <testcase classname="com.psd.testng.InvoCount_TestNG" name="testcase1" time="0.001"/>
  <testcase classname="com.psd.testng.InvoCount_TestNG" name="testcase1" time="0.001"/>
  <testcase classname="com.psd.testng.InvoCount_TestNG" name="testcase1" time="0.010"/>
  <testcase classname="com.psd.testng.InvoCount_TestNG" name="testcase1" time="0.002"/>
  <testcase classname="com.psd.testng.InvoCount_TestNG" name="testcase1" time="0.001"/>
  <testcase classname="com.psd.testng.InvoCount_TestNG" name="testcase1" time="0.001"/>
  <testcase classname="com.psd.testng.InvoCount_TestNG" name="testcase1" time="0.001"/>
  <testcase classname="com.psd.testng.InvoCount_TestNG" name="testcase1" time="0.001"/>
</testsuite> <!-- com.psd.testng.InvoCount_TestNG -->
