<?xml version="1.0" encoding="UTF-8"?>
<!-- Generated by org.testng.reporters.JUnitReportReporter -->
<testsuite hostname="IG-M-851" failures="0" tests="3" name="com.psd.testng.crossbrowser.testing.TestCase4" time="28.316" errors="0" timestamp="2025-10-09T01:22:44 IST" skipped="0">
  <testcase classname="com.psd.testng.crossbrowser.testing.TestCase4" name="login_searching_logout" time="8.944"/>
  <testcase classname="com.psd.testng.crossbrowser.testing.TestCase4" name="login_searching_logout" time="10.351"/>
  <testcase classname="com.psd.testng.crossbrowser.testing.TestCase4" name="login_searching_logout" time="9.021"/>
</testsuite> <!-- com.psd.testng.crossbrowser.testing.TestCase4 -->
