<?xml version="1.0" encoding="UTF-8"?>
<!-- Generated by org.testng.reporters.JUnitReportReporter -->
<testsuite hostname="IG-M-851" failures="0" tests="1" name="com.psd.testng.TestNG_1Test_1BM_1AS" time="0.011" errors="0" timestamp="2025-10-08T21:56:43 IST" skipped="0">
  <testcase classname="com.psd.testng.TestNG_1Test_1BM_1AS" name="testcase" time="0.011"/>
</testsuite> <!-- com.psd.testng.TestNG_1Test_1BM_1AS -->
