<?xml version="1.0" encoding="UTF-8"?>
<!-- Generated by org.testng.reporters.JUnitReportReporter -->
<testsuite hostname="IG-M-851" failures="0" tests="2" name="com.psd.testng.TestNG_2Test_AM" time="0.015" errors="0" timestamp="2025-10-08T22:02:47 IST" skipped="0">
  <testcase classname="com.psd.testng.TestNG_2Test_AM" name="testcase2" time="0.005"/>
  <testcase classname="com.psd.testng.TestNG_2Test_AM" name="testcase1" time="0.010"/>
</testsuite> <!-- com.psd.testng.TestNG_2Test_AM -->
