<?xml version="1.0" encoding="UTF-8"?>
<!-- Generated by org.testng.reporters.JUnitReportReporter -->
<testsuite hostname="IG-M-851" failures="0" tests="1" name="com.psd.testng.Grouping_Testcases" time="0.016" errors="0" timestamp="2025-10-20T23:19:40 IST" skipped="0">
  <testcase classname="com.psd.testng.Grouping_Testcases" name="method1" time="0.016"/>
</testsuite> <!-- com.psd.testng.Grouping_Testcases -->
