<?xml version="1.0" encoding="UTF-8"?>
<!-- Generated by org.testng.reporters.JUnitReportReporter -->
<testsuite hostname="IG-M-851" failures="0" tests="1" name="com.psd.testng.amazon.TestCase1" time="18.930" errors="0" timestamp="2025-10-09T00:04:26 IST" skipped="0">
  <testcase classname="com.psd.testng.amazon.TestCase1" name="login_searching_cart_logout" time="18.930"/>
</testsuite> <!-- com.psd.testng.amazon.TestCase1 -->
